<?xml version="1.0" encoding="UTF-8"?>
<testsuite name="BookLendingTest" tests="1" skipped="0" failures="0" errors="0" timestamp="2022-06-07T11:28:25" hostname="DANIEL" time="0.023">
  <properties/>
  <testcase name="should_returnBooksWithHighestRatesInDescendingOrder_whenSearchByBestRating()" classname="BookLendingTest" time="0.023"/>
  <system-out><![CDATA[books[[Anna Karenina, Leo Tolstoy, 4.4, [A masterpiece, Very difficult read]], [Animal Farm, George Orwell, 4.1, [Strange book, Orwell was a genius, So relevant today]], [Rescue, Jennifer Nielsen, 4.0, [It was an interesting read, It was a crazy book]], [The Resurrectionist,  E. B. Hudspeth, 4.0, [Strange book]], [The Shining, Stephen King, 3.9, [One of the scariest books ever, It was better than the movie]], [It, Stephen King, 3.7, [Not my cup of tea]], [Frankenstein, Mary Shelley, 3.7, [A must read]]]
]]></system-out>
  <system-err><![CDATA[]]></system-err>
</testsuite>
